#
# There is insufficient memory for the Java Runtime Environment to continue.
# Cannot create GC thread. Out of system resources.
# Possible reasons:
#   The system is out of physical RAM or swap space
#   In 32 bit mode, the process size limit was hit
# Possible solutions:
#   Reduce memory load on the system
#   Increase physical memory or swap space
#   Check if swap backing store is full
#   Use 64 bit Java on a 64 bit OS
#   Decrease Java heap size (-Xmx/-Xms)
#   Decrease number of Java threads
#   Decrease Java thread stack sizes (-Xss)
#   Set larger code cache with -XX:ReservedCodeCacheSize=
# This output file may be truncated or incomplete.
#
#  Out of Memory Error (gcTaskThread.cpp:46), pid=15726, tid=140732229588800
#
# JRE version:  (8.0_05-b13) (build )
# Java VM: Java HotSpot(TM) 64-Bit Server VM (25.5-b02 mixed mode linux-amd64 compressed oops)
# Failed to write core dump. Core dumps have been disabled. To enable core dumping, try "ulimit -c unlimited" before starting Java again
#

---------------  T H R E A D  ---------------

Current thread (0x0000000001f34000):  JavaThread "Unknown thread" [_thread_in_vm, id=15726, stack(0x00007ffff39df000,0x00007ffff3adf000)]

Stack: [0x00007ffff39df000,0x00007ffff3adf000],  sp=0x00007ffff3ad7d80,  free space=995k
Native frames: (J=compiled Java code, j=interpreted, Vv=VM code, C=native code)
V  [libjvm.so+0xa2f43a]  VMError::report_and_die()+0x2ca
V  [libjvm.so+0x4b2d5b]  report_vm_out_of_memory(char const*, int, unsigned long, VMErrorType, char const*)+0x8b
V  [libjvm.so+0x57516f]  GCTaskThread::GCTaskThread(GCTaskManager*, unsigned int, unsigned int)+0x11f
V  [libjvm.so+0x5746d8]  GCTaskManager::initialize()+0x2c8
V  [libjvm.so+0x8bf74b]  ParallelScavengeHeap::initialize()+0x32b
V  [libjvm.so+0x9fd783]  Universe::initialize_heap()+0xe3
V  [libjvm.so+0x9fdbc4]  universe_init()+0x64
V  [libjvm.so+0x5d45c5]  init_globals()+0x65
V  [libjvm.so+0x9e44ad]  Threads::create_vm(JavaVMInitArgs*, bool*)+0x24d
V  [libjvm.so+0x6659f4]  JNI_CreateJavaVM+0x74
C  [libjli.so+0x703e]  JavaMain+0x9e
C  [libjli.so+0xace3]  ContinueInNewThread0+0x63
C  [libjli.so+0x663a]  ContinueInNewThread+0x7a
C  [libjli.so+0x9250]  JLI_Launch+0x480
C  [java+0x696]  __libc_start_main@@GLIBC_2.2.5+0x696


---------------  P R O C E S S  ---------------

Java Threads: ( => current thread )

Other Threads:

=>0x0000000001f34000 (exited) JavaThread "Unknown thread" [_thread_in_vm, id=15726, stack(0x00007ffff39df000,0x00007ffff3adf000)]

VM state:not at safepoint (not fully initialized)

VM Mutex/Monitor currently owned by a thread: None

GC Heap History (0 events):
No events

Deoptimization events (0 events):
No events

Internal exceptions (0 events):
No events

Events (0 events):
No events


Dynamic libraries:
00400000-00401000 r-xp 00000000 fd:01 144116                             /usr/java/jdk1.8.0_05/bin/java
00600000-00601000 rw-p 00000000 fd:01 144116                             /usr/java/jdk1.8.0_05/bin/java
01f2a000-01f6e000 rw-p 00000000 00:00 0                                  [heap]
88400000-8fa80000 rw-p 00000000 00:00 0 
8fa80000-d8180000 ---p 00000000 00:00 0 
d8180000-d8300000 rw-p 00000000 00:00 0 
d8300000-100000000 ---p 00000000 00:00 0 
3e31200000-3e31220000 r-xp 00000000 fd:01 3158150                        /usr/lib64/ld-2.18.so
3e3141f000-3e31420000 r--p 0001f000 fd:01 3158150                        /usr/lib64/ld-2.18.so
3e31420000-3e31421000 rw-p 00020000 fd:01 3158150                        /usr/lib64/ld-2.18.so
3e31421000-3e31422000 rw-p 00000000 00:00 0 
3e31600000-3e317b4000 r-xp 00000000 fd:01 3158151                        /usr/lib64/libc-2.18.so
3e317b4000-3e319b4000 ---p 001b4000 fd:01 3158151                        /usr/lib64/libc-2.18.so
3e319b4000-3e319b8000 r--p 001b4000 fd:01 3158151                        /usr/lib64/libc-2.18.so
3e319b8000-3e319ba000 rw-p 001b8000 fd:01 3158151                        /usr/lib64/libc-2.18.so
3e319ba000-3e319bf000 rw-p 00000000 00:00 0 
3e31a00000-3e31a03000 r-xp 00000000 fd:01 3158153                        /usr/lib64/libdl-2.18.so
3e31a03000-3e31c02000 ---p 00003000 fd:01 3158153                        /usr/lib64/libdl-2.18.so
3e31c02000-3e31c03000 r--p 00002000 fd:01 3158153                        /usr/lib64/libdl-2.18.so
3e31c03000-3e31c04000 rw-p 00003000 fd:01 3158153                        /usr/lib64/libdl-2.18.so
3e31e00000-3e31e18000 r-xp 00000000 fd:01 3158152                        /usr/lib64/libpthread-2.18.so
3e31e18000-3e32017000 ---p 00018000 fd:01 3158152                        /usr/lib64/libpthread-2.18.so
3e32017000-3e32018000 r--p 00017000 fd:01 3158152                        /usr/lib64/libpthread-2.18.so
3e32018000-3e32019000 rw-p 00018000 fd:01 3158152                        /usr/lib64/libpthread-2.18.so
3e32019000-3e3201d000 rw-p 00000000 00:00 0 
3e32200000-3e32305000 r-xp 00000000 fd:01 3158163                        /usr/lib64/libm-2.18.so
3e32305000-3e32505000 ---p 00105000 fd:01 3158163                        /usr/lib64/libm-2.18.so
3e32505000-3e32506000 r--p 00105000 fd:01 3158163                        /usr/lib64/libm-2.18.so
3e32506000-3e32507000 rw-p 00106000 fd:01 3158163                        /usr/lib64/libm-2.18.so
3e33a00000-3e33a07000 r-xp 00000000 fd:01 3158154                        /usr/lib64/librt-2.18.so
3e33a07000-3e33c06000 ---p 00007000 fd:01 3158154                        /usr/lib64/librt-2.18.so
3e33c06000-3e33c07000 r--p 00006000 fd:01 3158154                        /usr/lib64/librt-2.18.so
3e33c07000-3e33c08000 rw-p 00007000 fd:01 3158154                        /usr/lib64/librt-2.18.so
7ffeb53d1000-7ffeb5675000 rw-p 00000000 00:00 0 
7ffeb5675000-7ffeb58b8000 ---p 00000000 00:00 0 
7ffeb58b8000-7ffeb58f4000 rw-p 00000000 00:00 0 
7ffeb58f4000-7ffeb5b36000 ---p 00000000 00:00 0 
7ffeb5b36000-7ffeb5b38000 rw-p 00000000 00:00 0 
7ffeb5b38000-7ffeb5c76000 ---p 00000000 00:00 0 
7ffeb5c76000-7ffeb5c81000 rw-p 00000000 00:00 0 
7ffeb5c81000-7ffeb6037000 ---p 00000000 00:00 0 
7ffeb6037000-7ffeb62a7000 rwxp 00000000 00:00 0 
7ffeb62a7000-7ffec5037000 ---p 00000000 00:00 0 
7ffec5037000-7ffec5053000 r-xp 00000000 fd:01 401124                     /usr/java/jdk1.8.0_05/jre/lib/amd64/libzip.so
7ffec5053000-7ffec5252000 ---p 0001c000 fd:01 401124                     /usr/java/jdk1.8.0_05/jre/lib/amd64/libzip.so
7ffec5252000-7ffec5253000 rw-p 0001b000 fd:01 401124                     /usr/java/jdk1.8.0_05/jre/lib/amd64/libzip.so
7ffec5253000-7ffec525e000 r-xp 00000000 fd:01 3152973                    /usr/lib64/libnss_files-2.18.so
7ffec525e000-7ffec545d000 ---p 0000b000 fd:01 3152973                    /usr/lib64/libnss_files-2.18.so
7ffec545d000-7ffec545e000 r--p 0000a000 fd:01 3152973                    /usr/lib64/libnss_files-2.18.so
7ffec545e000-7ffec545f000 rw-p 0000b000 fd:01 3152973                    /usr/lib64/libnss_files-2.18.so
7ffec547a000-7ffec54a4000 r-xp 00000000 fd:01 400624                     /usr/java/jdk1.8.0_05/jre/lib/amd64/libjava.so
7ffec54a4000-7ffec56a4000 ---p 0002a000 fd:01 400624                     /usr/java/jdk1.8.0_05/jre/lib/amd64/libjava.so
7ffec56a4000-7ffec56a6000 rw-p 0002a000 fd:01 400624                     /usr/java/jdk1.8.0_05/jre/lib/amd64/libjava.so
7ffec56a6000-7ffec56b3000 r-xp 00000000 fd:01 401123                     /usr/java/jdk1.8.0_05/jre/lib/amd64/libverify.so
7ffec56b3000-7ffec58b3000 ---p 0000d000 fd:01 401123                     /usr/java/jdk1.8.0_05/jre/lib/amd64/libverify.so
7ffec58b3000-7ffec58b5000 rw-p 0000d000 fd:01 401123                     /usr/java/jdk1.8.0_05/jre/lib/amd64/libverify.so
7ffec58b5000-7ffec58b6000 ---p 00000000 00:00 0 
7ffec58b6000-7ffec59b6000 rw-p 00000000 00:00 0 
7ffec59b6000-7ffec65d0000 r-xp 00000000 fd:01 401128                     /usr/java/jdk1.8.0_05/jre/lib/amd64/server/libjvm.so
7ffec65d0000-7ffec67cf000 ---p 00c1a000 fd:01 401128                     /usr/java/jdk1.8.0_05/jre/lib/amd64/server/libjvm.so
7ffec67cf000-7ffec6898000 rw-p 00c19000 fd:01 401128                     /usr/java/jdk1.8.0_05/jre/lib/amd64/server/libjvm.so
7ffec6898000-7ffec68dc000 rw-p 00000000 00:00 0 
7ffec68dc000-7ffec68f3000 r-xp 00000000 fd:01 530419                     /usr/java/jdk1.8.0_05/lib/amd64/jli/libjli.so
7ffec68f3000-7ffec6af2000 ---p 00017000 fd:01 530419                     /usr/java/jdk1.8.0_05/lib/amd64/jli/libjli.so
7ffec6af2000-7ffec6af3000 rw-p 00016000 fd:01 530419                     /usr/java/jdk1.8.0_05/lib/amd64/jli/libjli.so
7ffec6af3000-7ffec6af4000 rw-p 00000000 00:00 0 
7ffec6b02000-7ffec6b05000 rw-p 00000000 00:00 0 
7ffec6b05000-7ffec6b0d000 rw-s 00000000 00:23 625866                     /tmp/hsperfdata_radoslav/15726
7ffec6b0d000-7ffec6b0e000 rw-p 00000000 00:00 0 
7ffec6b0e000-7ffec6b0f000 r--p 00000000 00:00 0 
7ffec6b0f000-7ffec6b10000 rw-p 00000000 00:00 0 
7ffff39df000-7ffff39e2000 ---p 00000000 00:00 0 
7ffff39e3000-7ffff3adf000 rw-p 00000000 00:00 0                          [stack]
7ffff3ba6000-7ffff3ba8000 r-xp 00000000 00:00 0                          [vdso]
ffffffffff600000-ffffffffff601000 r-xp 00000000 00:00 0                  [vsyscall]

VM Arguments:
jvm_args: -Dfile.encoding=UTF-8 
java_command: com.sirma.itt.javacourse.guinetwork.downloadagent.Downloader
java_class_path (initial): /home/radoslav/JAVA/ITT1/guinetworking/module-gui/target/classes:/home/radoslav/.m2/repository/org/slf4j/slf4j-simple/1.7.7/slf4j-simple-1.7.7.jar:/home/radoslav/.m2/repository/org/slf4j/slf4j-api/1.7.7/slf4j-api-1.7.7.jar
Launcher Type: SUN_STANDARD

Environment Variables:
PATH=/usr/local/bin:/bin:/usr/bin:/usr/local/sbin:/usr/sbin:/sbin:/home/radoslav/.local/bin:/home/radoslav/bin
SHELL=/bin/bash
DISPLAY=:0

Signal Handlers:
SIGSEGV: [libjvm.so+0xa2fc90], sa_mask[0]=0x7ffbfeff, sa_flags=0x10000004
SIGBUS: [libjvm.so+0xa2fc90], sa_mask[0]=0x7ffbfeff, sa_flags=0x10000004
SIGFPE: [libjvm.so+0x89b4b0], sa_mask[0]=0x7ffbfeff, sa_flags=0x10000004
SIGPIPE: [libjvm.so+0x89b4b0], sa_mask[0]=0x7ffbfeff, sa_flags=0x10000004
SIGXFSZ: [libjvm.so+0x89b4b0], sa_mask[0]=0x7ffbfeff, sa_flags=0x10000004
SIGILL: [libjvm.so+0x89b4b0], sa_mask[0]=0x7ffbfeff, sa_flags=0x10000004
SIGUSR1: SIG_DFL, sa_mask[0]=0x00000000, sa_flags=0x00000000
SIGUSR2: [libjvm.so+0x89cc50], sa_mask[0]=0x00000004, sa_flags=0x10000004
SIGHUP: SIG_DFL, sa_mask[0]=0x00000000, sa_flags=0x00000000
SIGINT: SIG_DFL, sa_mask[0]=0x00000000, sa_flags=0x00000000
SIGTERM: SIG_DFL, sa_mask[0]=0x00000000, sa_flags=0x00000000
SIGQUIT: SIG_DFL, sa_mask[0]=0x00000000, sa_flags=0x00000000


---------------  S Y S T E M  ---------------

OS:Fedora release 20 (Heisenbug)

uname:Linux 3.15.6-200.fc20.x86_64 #1 SMP Fri Jul 18 02:36:27 UTC 2014 x86_64
libc:glibc 2.18 NPTL 2.18 
rlimit: STACK 8192k, CORE 0k, NPROC 1024, NOFILE 4096, AS infinity
load average:0.71 0.60 0.51

/proc/meminfo:
MemTotal:        7841916 kB
MemFree:         2580480 kB
MemAvailable:    4030120 kB
Buffers:          152292 kB
Cached:          1474212 kB
SwapCached:        88736 kB
Active:          3492288 kB
Inactive:        1379916 kB
Active(anon):    2798136 kB
Inactive(anon):   546188 kB
Active(file):     694152 kB
Inactive(file):   833728 kB
Unevictable:           0 kB
Mlocked:               0 kB
SwapTotal:       7880700 kB
SwapFree:        7783152 kB
Dirty:               620 kB
Writeback:             0 kB
AnonPages:       3167496 kB
Mapped:           364764 kB
Shmem:             98624 kB
Slab:             229620 kB
SReclaimable:     175152 kB
SUnreclaim:        54468 kB
KernelStack:       20016 kB
PageTables:        46852 kB
NFS_Unstable:          0 kB
Bounce:                0 kB
WritebackTmp:          0 kB
CommitLimit:    11801656 kB
Committed_AS:   12237816 kB
VmallocTotal:   34359738367 kB
VmallocUsed:      373728 kB
VmallocChunk:   34359351180 kB
HardwareCorrupted:     0 kB
AnonHugePages:         0 kB
HugePages_Total:       0
HugePages_Free:        0
HugePages_Rsvd:        0
HugePages_Surp:        0
Hugepagesize:       2048 kB
DirectMap4k:      103492 kB
DirectMap2M:     7948288 kB


CPU:total 4 (2 cores per cpu, 2 threads per core) family 6 model 37 stepping 5, cmov, cx8, fxsr, mmx, sse, sse2, sse3, ssse3, sse4.1, sse4.2, popcnt, ht, tsc, tscinvbit

/proc/cpuinfo:
processor	: 0
vendor_id	: GenuineIntel
cpu family	: 6
model		: 37
model name	: Intel(R) Core(TM) i5 CPU       M 480  @ 2.67GHz
stepping	: 5
microcode	: 0x4
cpu MHz		: 2667.000
cache size	: 3072 KB
physical id	: 0
siblings	: 4
core id		: 0
cpu cores	: 2
apicid		: 0
initial apicid	: 0
fpu		: yes
fpu_exception	: yes
cpuid level	: 11
wp		: yes
flags		: fpu vme de pse tsc msr pae mce cx8 apic sep mtrr pge mca cmov pat pse36 clflush dts acpi mmx fxsr sse sse2 ss ht tm pbe syscall nx rdtscp lm constant_tsc arch_perfmon pebs bts rep_good nopl xtopology nonstop_tsc aperfmperf pni dtes64 monitor ds_cpl vmx est tm2 ssse3 cx16 xtpr pdcm pcid sse4_1 sse4_2 popcnt lahf_lm ida arat dtherm tpr_shadow vnmi flexpriority ept vpid
bogomips	: 5320.40
clflush size	: 64
cache_alignment	: 64
address sizes	: 36 bits physical, 48 bits virtual
power management:

processor	: 1
vendor_id	: GenuineIntel
cpu family	: 6
model		: 37
model name	: Intel(R) Core(TM) i5 CPU       M 480  @ 2.67GHz
stepping	: 5
microcode	: 0x4
cpu MHz		: 2667.000
cache size	: 3072 KB
physical id	: 0
siblings	: 4
core id		: 0
cpu cores	: 2
apicid		: 1
initial apicid	: 1
fpu		: yes
fpu_exception	: yes
cpuid level	: 11
wp		: yes
flags		: fpu vme de pse tsc msr pae mce cx8 apic sep mtrr pge mca cmov pat pse36 clflush dts acpi mmx fxsr sse sse2 ss ht tm pbe syscall nx rdtscp lm constant_tsc arch_perfmon pebs bts rep_good nopl xtopology nonstop_tsc aperfmperf pni dtes64 monitor ds_cpl vmx est tm2 ssse3 cx16 xtpr pdcm pcid sse4_1 sse4_2 popcnt lahf_lm ida arat dtherm tpr_shadow vnmi flexpriority ept vpid
bogomips	: 5320.40
clflush size	: 64
cache_alignment	: 64
address sizes	: 36 bits physical, 48 bits virtual
power management:

processor	: 2
vendor_id	: GenuineIntel
cpu family	: 6
model		: 37
model name	: Intel(R) Core(TM) i5 CPU       M 480  @ 2.67GHz
stepping	: 5
microcode	: 0x4
cpu MHz		: 1199.000
cache size	: 3072 KB
physical id	: 0
siblings	: 4
core id		: 2
cpu cores	: 2
apicid		: 4
initial apicid	: 4
fpu		: yes
fpu_exception	: yes
cpuid level	: 11
wp		: yes
flags		: fpu vme de pse tsc msr pae mce cx8 apic sep mtrr pge mca cmov pat pse36 clflush dts acpi mmx fxsr sse sse2 ss ht tm pbe syscall nx rdtscp lm constant_tsc arch_perfmon pebs bts rep_good nopl xtopology nonstop_tsc aperfmperf pni dtes64 monitor ds_cpl vmx est tm2 ssse3 cx16 xtpr pdcm pcid sse4_1 sse4_2 popcnt lahf_lm ida arat dtherm tpr_shadow vnmi flexpriority ept vpid
bogomips	: 5320.40
clflush size	: 64
cache_alignment	: 64
address sizes	: 36 bits physical, 48 bits virtual
power management:

processor	: 3
vendor_id	: GenuineIntel
cpu family	: 6
model		: 37
model name	: Intel(R) Core(TM) i5 CPU       M 480  @ 2.67GHz
stepping	: 5
microcode	: 0x4
cpu MHz		: 1199.000
cache size	: 3072 KB
physical id	: 0
siblings	: 4
core id		: 2
cpu cores	: 2
apicid		: 5
initial apicid	: 5
fpu		: yes
fpu_exception	: yes
cpuid level	: 11
wp		: yes
flags		: fpu vme de pse tsc msr pae mce cx8 apic sep mtrr pge mca cmov pat pse36 clflush dts acpi mmx fxsr sse sse2 ss ht tm pbe syscall nx rdtscp lm constant_tsc arch_perfmon pebs bts rep_good nopl xtopology nonstop_tsc aperfmperf pni dtes64 monitor ds_cpl vmx est tm2 ssse3 cx16 xtpr pdcm pcid sse4_1 sse4_2 popcnt lahf_lm ida arat dtherm tpr_shadow vnmi flexpriority ept vpid
bogomips	: 5320.40
clflush size	: 64
cache_alignment	: 64
address sizes	: 36 bits physical, 48 bits virtual
power management:



Memory: 4k page, physical 7841916k(2580232k free), swap 7880700k(7783152k free)

vm_info: Java HotSpot(TM) 64-Bit Server VM (25.5-b02) for linux-amd64 JRE (1.8.0_05-b13), built on Mar 18 2014 00:29:27 by "java_re" with gcc 4.3.0 20080428 (Red Hat 4.3.0-8)

time: Mon Jul 21 15:49:14 2014
elapsed time: 0 seconds

